  Reading Qt configuration (D:\Qt\5.12.3\msvc2017_64\bin\qmake.exe)
  uic UI\AboutDialog.ui
  uic UI\DisplayPic.ui
  uic UI\Help.ui
  uic UI\Loading.ui
  uic UI\Reconstruction.ui
  rcc Resources\Reconstruction.qrc
  moc Classes\Reconstruction.h
  moc Classes\AboutDialog.h
  moc Classes\Loading.h
  moc Classes\DisplayPic.h
  moc Classes\Help.h
  AboutDialog.cpp
  API.cpp
  bsxfun.cpp
  CalibrationData.cpp
  Calibrator.cpp
  Camera.cpp
  CameraPointGrey.cpp
  CameraArguments.cpp
  CoreAlgorithm.cpp
  cvtools.cpp
d:\bjtu\reconstruction\lib\flycapture2\include\flycapture2.h : warning C4819: 该文件包含不能在当前代码页(936)中表示的字符。请将该文件保存为 Unicode 格式以防止数据丢失 (编译源文件 Classes\CameraPointGrey.cpp)
d:\bjtu\reconstruction\lib\flycapture2\include\flycapture2.h : warning C4819: 该文件包含不能在当前代码页(936)中表示的字符。请将该文件保存为 Unicode 格式以防止数据丢失 (编译源文件 Classes\Camera.cpp)
d:\bjtu\reconstruction\lib\flycapture2\include\error.h : warning C4819: 该文件包含不能在当前代码页(936)中表示的字符。请将该文件保存为 Unicode 格式以防止数据丢失 (编译源文件 Classes\CameraPointGrey.cpp)
d:\bjtu\reconstruction\lib\flycapture2\include\camerabase.h : warning C4819: 该文件包含不能在当前代码页(936)中表示的字符。请将该文件保存为 Unicode 格式以防止数据丢失 (编译源文件 Classes\CameraPointGrey.cpp)
d:\bjtu\reconstruction\lib\flycapture2\include\error.h : warning C4819: 该文件包含不能在当前代码页(936)中表示的字符。请将该文件保存为 Unicode 格式以防止数据丢失 (编译源文件 Classes\Camera.cpp)
d:\bjtu\reconstruction\lib\flycapture2\include\gigecamera.h : warning C4819: 该文件包含不能在当前代码页(936)中表示的字符。请将该文件保存为 Unicode 格式以防止数据丢失 (编译源文件 Classes\CameraPointGrey.cpp)
d:\bjtu\reconstruction\lib\flycapture2\include\camerabase.h : warning C4819: 该文件包含不能在当前代码页(936)中表示的字符。请将该文件保存为 Unicode 格式以防止数据丢失 (编译源文件 Classes\Camera.cpp)
d:\bjtu\reconstruction\lib\flycapture2\include\image.h : warning C4819: 该文件包含不能在当前代码页(936)中表示的字符。请将该文件保存为 Unicode 格式以防止数据丢失 (编译源文件 Classes\CameraPointGrey.cpp)
d:\bjtu\reconstruction\lib\flycapture2\include\utilities.h : warning C4819: 该文件包含不能在当前代码页(936)中表示的字符。请将该文件保存为 Unicode 格式以防止数据丢失 (编译源文件 Classes\CameraPointGrey.cpp)
d:\bjtu\reconstruction\lib\flycapture2\include\gigecamera.h : warning C4819: 该文件包含不能在当前代码页(936)中表示的字符。请将该文件保存为 Unicode 格式以防止数据丢失 (编译源文件 Classes\Camera.cpp)
d:\bjtu\reconstruction\lib\flycapture2\include\image.h : warning C4819: 该文件包含不能在当前代码页(936)中表示的字符。请将该文件保存为 Unicode 格式以防止数据丢失 (编译源文件 Classes\Camera.cpp)
d:\bjtu\reconstruction\lib\flycapture2\include\utilities.h : warning C4819: 该文件包含不能在当前代码页(936)中表示的字符。请将该文件保存为 Unicode 格式以防止数据丢失 (编译源文件 Classes\Camera.cpp)
d:\bjtu\reconstruction\lib\flycapture2\include\avirecorder.h : warning C4819: 该文件包含不能在当前代码页(936)中表示的字符。请将该文件保存为 Unicode 格式以防止数据丢失 (编译源文件 Classes\CameraPointGrey.cpp)
d:\bjtu\reconstruction\lib\flycapture2\include\topologynode.h : warning C4819: 该文件包含不能在当前代码页(936)中表示的字符。请将该文件保存为 Unicode 格式以防止数据丢失 (编译源文件 Classes\CameraPointGrey.cpp)
d:\bjtu\reconstruction\lib\flycapture2\include\imagestatistics.h : warning C4819: 该文件包含不能在当前代码页(936)中表示的字符。请将该文件保存为 Unicode 格式以防止数据丢失 (编译源文件 Classes\CameraPointGrey.cpp)
d:\bjtu\reconstruction\lib\flycapture2\include\avirecorder.h : warning C4819: 该文件包含不能在当前代码页(936)中表示的字符。请将该文件保存为 Unicode 格式以防止数据丢失 (编译源文件 Classes\Camera.cpp)
d:\bjtu\reconstruction\lib\flycapture2\include\topologynode.h : warning C4819: 该文件包含不能在当前代码页(936)中表示的字符。请将该文件保存为 Unicode 格式以防止数据丢失 (编译源文件 Classes\Camera.cpp)
d:\bjtu\reconstruction\lib\flycapture2\include\imagestatistics.h : warning C4819: 该文件包含不能在当前代码页(936)中表示的字符。请将该文件保存为 Unicode 格式以防止数据丢失 (编译源文件 Classes\Camera.cpp)
  cwt.cpp
  cwtfilterbank.cpp
  cwtfreqlimits.cpp
  cwt_data.cpp
  cwt_emxAPI.cpp
  cwt_emxutil.cpp
  cwt_initialize.cpp
  cwt_rtwutil.cpp
  cwt_terminate.cpp
  Device.cpp
  DisplayPic.cpp
d:\bjtu\reconstruction\lib\flycapture2\include\flycapture2.h : warning C4819: 该文件包含不能在当前代码页(936)中表示的字符。请将该文件保存为 Unicode 格式以防止数据丢失 (编译源文件 Classes\Device.cpp)
d:\bjtu\reconstruction\lib\flycapture2\include\error.h : warning C4819: 该文件包含不能在当前代码页(936)中表示的字符。请将该文件保存为 Unicode 格式以防止数据丢失 (编译源文件 Classes\Device.cpp)
d:\bjtu\reconstruction\lib\flycapture2\include\camerabase.h : warning C4819: 该文件包含不能在当前代码页(936)中表示的字符。请将该文件保存为 Unicode 格式以防止数据丢失 (编译源文件 Classes\Device.cpp)
d:\bjtu\reconstruction\lib\flycapture2\include\gigecamera.h : warning C4819: 该文件包含不能在当前代码页(936)中表示的字符。请将该文件保存为 Unicode 格式以防止数据丢失 (编译源文件 Classes\Device.cpp)
d:\bjtu\reconstruction\lib\flycapture2\include\image.h : warning C4819: 该文件包含不能在当前代码页(936)中表示的字符。请将该文件保存为 Unicode 格式以防止数据丢失 (编译源文件 Classes\Device.cpp)
d:\bjtu\reconstruction\lib\flycapture2\include\utilities.h : warning C4819: 该文件包含不能在当前代码页(936)中表示的字符。请将该文件保存为 Unicode 格式以防止数据丢失 (编译源文件 Classes\Device.cpp)
d:\bjtu\reconstruction\lib\flycapture2\include\avirecorder.h : warning C4819: 该文件包含不能在当前代码页(936)中表示的字符。请将该文件保存为 Unicode 格式以防止数据丢失 (编译源文件 Classes\Device.cpp)
d:\bjtu\reconstruction\lib\flycapture2\include\topologynode.h : warning C4819: 该文件包含不能在当前代码页(936)中表示的字符。请将该文件保存为 Unicode 格式以防止数据丢失 (编译源文件 Classes\Device.cpp)
d:\bjtu\reconstruction\lib\flycapture2\include\imagestatistics.h : warning C4819: 该文件包含不能在当前代码页(936)中表示的字符。请将该文件保存为 Unicode 格式以防止数据丢失 (编译源文件 Classes\Device.cpp)
d:\bjtu\reconstruction\classes\calibrator.cpp(117): warning C4804: “>”: 在操作中使用类型“bool”不安全
d:\bjtu\reconstruction\classes\cameraarguments.cpp(36): warning C4715: “CameraArguments::getInstance”: 不是所有的控件路径都返回值
  fft.cpp
  fft1.cpp
  fstools.cpp
  gammaln.cpp
  Help.cpp
  HisThread.cpp
  ifft.cpp
  Loading.cpp
  log2.cpp
  main.cpp
  MyThread.cpp
  PointCloudData.cpp
  Unknown compiler version - please run the configure tests and report the results
  ProjectorLC4500.cpp
d:\bjtu\reconstruction\lib\pcl\pcl 1.8.1\include\pcl-1.8\pcl\point_traits.h : warning C4819: 该文件包含不能在当前代码页(936)中表示的字符。请将该文件保存为 Unicode 格式以防止数据丢失 (编译源文件 Classes\PointCloudData.cpp)
  Unknown compiler version - please run the configure tests and report the results
d:\bjtu\reconstruction\lib\pcl\pcl 1.8.1\include\pcl-1.8\pcl\point_traits.h : warning C4819: 该文件包含不能在当前代码页(936)中表示的字符。请将该文件保存为 Unicode 格式以防止数据丢失 (编译源文件 Classes\HisThread.cpp)
  Unknown compiler version - please run the configure tests and report the results
  Reconstruction.cpp
d:\bjtu\reconstruction\lib\pcl\pcl 1.8.1\include\pcl-1.8\pcl\point_traits.h : warning C4819: 该文件包含不能在当前代码页(936)中表示的字符。请将该文件保存为 Unicode 格式以防止数据丢失 (编译源文件 Classes\MyThread.cpp)
  rtGetInf.cpp
  rtGetNaN.cpp
  rt_nonfinite.cpp
  structured_light.cpp
  TreeModel.cpp
d:\bjtu\reconstruction\classes\structured_light.cpp(48): warning C4838: 从“int”转换到“const unsigned int”需要收缩转换
d:\bjtu\reconstruction\classes\structured_light.cpp(49): warning C4838: 从“int”转换到“const unsigned int”需要收缩转换
  usb.cpp
  wavCFandSD.cpp
  YourThread.cpp
  Unknown compiler version - please run the configure tests and report the results
c:\program files (x86)\windows kits\10\include\10.0.17763.0\ucrt\corecrt_math_defines.h(17): warning C4005: “M_E”: 宏重定义 (编译源文件 Classes\Loading.cpp)
  d:\qt\5.12.3\msvc2017_64\include\qtcore\qmath.h(155): note: 参见“M_E”的前一个定义 (编译源文件 Classes\Loading.cpp)
c:\program files (x86)\windows kits\10\include\10.0.17763.0\ucrt\corecrt_math_defines.h(18): warning C4005: “M_LOG2E”: 宏重定义 (编译源文件 Classes\Loading.cpp)
  d:\qt\5.12.3\msvc2017_64\include\qtcore\qmath.h(159): note: 参见“M_LOG2E”的前一个定义 (编译源文件 Classes\Loading.cpp)
c:\program files (x86)\windows kits\10\include\10.0.17763.0\ucrt\corecrt_math_defines.h(19): warning C4005: “M_LOG10E”: 宏重定义 (编译源文件 Classes\Loading.cpp)
  d:\qt\5.12.3\msvc2017_64\include\qtcore\qmath.h(163): note: 参见“M_LOG10E”的前一个定义 (编译源文件 Classes\Loading.cpp)
c:\program files (x86)\windows kits\10\include\10.0.17763.0\ucrt\corecrt_math_defines.h(20): warning C4005: “M_LN2”: 宏重定义 (编译源文件 Classes\Loading.cpp)
  d:\qt\5.12.3\msvc2017_64\include\qtcore\qmath.h(167): note: 参见“M_LN2”的前一个定义 (编译源文件 Classes\Loading.cpp)
c:\program files (x86)\windows kits\10\include\10.0.17763.0\ucrt\corecrt_math_defines.h(21): warning C4005: “M_LN10”: 宏重定义 (编译源文件 Classes\Loading.cpp)
  d:\qt\5.12.3\msvc2017_64\include\qtcore\qmath.h(171): note: 参见“M_LN10”的前一个定义 (编译源文件 Classes\Loading.cpp)
c:\program files (x86)\windows kits\10\include\10.0.17763.0\ucrt\corecrt_math_defines.h(22): warning C4005: “M_PI”: 宏重定义 (编译源文件 Classes\Loading.cpp)
  d:\qt\5.12.3\msvc2017_64\include\qtcore\qmath.h(175): note: 参见“M_PI”的前一个定义 (编译源文件 Classes\Loading.cpp)
c:\program files (x86)\windows kits\10\include\10.0.17763.0\ucrt\corecrt_math_defines.h(23): warning C4005: “M_PI_2”: 宏重定义 (编译源文件 Classes\Loading.cpp)
  d:\qt\5.12.3\msvc2017_64\include\qtcore\qmath.h(179): note: 参见“M_PI_2”的前一个定义 (编译源文件 Classes\Loading.cpp)
c:\program files (x86)\windows kits\10\include\10.0.17763.0\ucrt\corecrt_math_defines.h(24): warning C4005: “M_PI_4”: 宏重定义 (编译源文件 Classes\Loading.cpp)
  d:\qt\5.12.3\msvc2017_64\include\qtcore\qmath.h(183): note: 参见“M_PI_4”的前一个定义 (编译源文件 Classes\Loading.cpp)
c:\program files (x86)\windows kits\10\include\10.0.17763.0\ucrt\corecrt_math_defines.h(25): warning C4005: “M_1_PI”: 宏重定义 (编译源文件 Classes\Loading.cpp)
  d:\qt\5.12.3\msvc2017_64\include\qtcore\qmath.h(187): note: 参见“M_1_PI”的前一个定义 (编译源文件 Classes\Loading.cpp)
c:\program files (x86)\windows kits\10\include\10.0.17763.0\ucrt\corecrt_math_defines.h(26): warning C4005: “M_2_PI”: 宏重定义 (编译源文件 Classes\Loading.cpp)
  d:\qt\5.12.3\msvc2017_64\include\qtcore\qmath.h(191): note: 参见“M_2_PI”的前一个定义 (编译源文件 Classes\Loading.cpp)
c:\program files (x86)\windows kits\10\include\10.0.17763.0\ucrt\corecrt_math_defines.h(27): warning C4005: “M_2_SQRTPI”: 宏重定义 (编译源文件 Classes\Loading.cpp)
  d:\qt\5.12.3\msvc2017_64\include\qtcore\qmath.h(195): note: 参见“M_2_SQRTPI”的前一个定义 (编译源文件 Classes\Loading.cpp)
c:\program files (x86)\windows kits\10\include\10.0.17763.0\ucrt\corecrt_math_defines.h(28): warning C4005: “M_SQRT2”: 宏重定义 (编译源文件 Classes\Loading.cpp)
  d:\qt\5.12.3\msvc2017_64\include\qtcore\qmath.h(199): note: 参见“M_SQRT2”的前一个定义 (编译源文件 Classes\Loading.cpp)
c:\program files (x86)\windows kits\10\include\10.0.17763.0\ucrt\corecrt_math_defines.h(29): warning C4005: “M_SQRT1_2”: 宏重定义 (编译源文件 Classes\Loading.cpp)
  d:\qt\5.12.3\msvc2017_64\include\qtcore\qmath.h(203): note: 参见“M_SQRT1_2”的前一个定义 (编译源文件 Classes\Loading.cpp)
d:\bjtu\reconstruction\lib\pcl\pcl 1.8.1\include\pcl-1.8\pcl\point_traits.h : warning C4819: 该文件包含不能在当前代码页(936)中表示的字符。请将该文件保存为 Unicode 格式以防止数据丢失 (编译源文件 Classes\Loading.cpp)
  Unknown compiler version - please run the configure tests and report the results
c:\program files (x86)\windows kits\10\include\10.0.17763.0\ucrt\corecrt_math_defines.h(17): warning C4005: “M_E”: 宏重定义 (编译源文件 Classes\main.cpp)
  d:\qt\5.12.3\msvc2017_64\include\qtcore\qmath.h(155): note: 参见“M_E”的前一个定义 (编译源文件 Classes\main.cpp)
c:\program files (x86)\windows kits\10\include\10.0.17763.0\ucrt\corecrt_math_defines.h(18): warning C4005: “M_LOG2E”: 宏重定义 (编译源文件 Classes\main.cpp)
  d:\qt\5.12.3\msvc2017_64\include\qtcore\qmath.h(159): note: 参见“M_LOG2E”的前一个定义 (编译源文件 Classes\main.cpp)
c:\program files (x86)\windows kits\10\include\10.0.17763.0\ucrt\corecrt_math_defines.h(19): warning C4005: “M_LOG10E”: 宏重定义 (编译源文件 Classes\main.cpp)
  d:\qt\5.12.3\msvc2017_64\include\qtcore\qmath.h(163): note: 参见“M_LOG10E”的前一个定义 (编译源文件 Classes\main.cpp)
c:\program files (x86)\windows kits\10\include\10.0.17763.0\ucrt\corecrt_math_defines.h(20): warning C4005: “M_LN2”: 宏重定义 (编译源文件 Classes\main.cpp)
  d:\qt\5.12.3\msvc2017_64\include\qtcore\qmath.h(167): note: 参见“M_LN2”的前一个定义 (编译源文件 Classes\main.cpp)
c:\program files (x86)\windows kits\10\include\10.0.17763.0\ucrt\corecrt_math_defines.h(21): warning C4005: “M_LN10”: 宏重定义 (编译源文件 Classes\main.cpp)
  d:\qt\5.12.3\msvc2017_64\include\qtcore\qmath.h(171): note: 参见“M_LN10”的前一个定义 (编译源文件 Classes\main.cpp)
c:\program files (x86)\windows kits\10\include\10.0.17763.0\ucrt\corecrt_math_defines.h(22): warning C4005: “M_PI”: 宏重定义 (编译源文件 Classes\main.cpp)
  d:\qt\5.12.3\msvc2017_64\include\qtcore\qmath.h(175): note: 参见“M_PI”的前一个定义 (编译源文件 Classes\main.cpp)
c:\program files (x86)\windows kits\10\include\10.0.17763.0\ucrt\corecrt_math_defines.h(23): warning C4005: “M_PI_2”: 宏重定义 (编译源文件 Classes\main.cpp)
  d:\qt\5.12.3\msvc2017_64\include\qtcore\qmath.h(179): note: 参见“M_PI_2”的前一个定义 (编译源文件 Classes\main.cpp)
c:\program files (x86)\windows kits\10\include\10.0.17763.0\ucrt\corecrt_math_defines.h(24): warning C4005: “M_PI_4”: 宏重定义 (编译源文件 Classes\main.cpp)
  d:\qt\5.12.3\msvc2017_64\include\qtcore\qmath.h(183): note: 参见“M_PI_4”的前一个定义 (编译源文件 Classes\main.cpp)
c:\program files (x86)\windows kits\10\include\10.0.17763.0\ucrt\corecrt_math_defines.h(25): warning C4005: “M_1_PI”: 宏重定义 (编译源文件 Classes\main.cpp)
  d:\qt\5.12.3\msvc2017_64\include\qtcore\qmath.h(187): note: 参见“M_1_PI”的前一个定义 (编译源文件 Classes\main.cpp)
c:\program files (x86)\windows kits\10\include\10.0.17763.0\ucrt\corecrt_math_defines.h(26): warning C4005: “M_2_PI”: 宏重定义 (编译源文件 Classes\main.cpp)
  d:\qt\5.12.3\msvc2017_64\include\qtcore\qmath.h(191): note: 参见“M_2_PI”的前一个定义 (编译源文件 Classes\main.cpp)
c:\program files (x86)\windows kits\10\include\10.0.17763.0\ucrt\corecrt_math_defines.h(27): warning C4005: “M_2_SQRTPI”: 宏重定义 (编译源文件 Classes\main.cpp)
  d:\qt\5.12.3\msvc2017_64\include\qtcore\qmath.h(195): note: 参见“M_2_SQRTPI”的前一个定义 (编译源文件 Classes\main.cpp)
c:\program files (x86)\windows kits\10\include\10.0.17763.0\ucrt\corecrt_math_defines.h(28): warning C4005: “M_SQRT2”: 宏重定义 (编译源文件 Classes\main.cpp)
  d:\qt\5.12.3\msvc2017_64\include\qtcore\qmath.h(199): note: 参见“M_SQRT2”的前一个定义 (编译源文件 Classes\main.cpp)
c:\program files (x86)\windows kits\10\include\10.0.17763.0\ucrt\corecrt_math_defines.h(29): warning C4005: “M_SQRT1_2”: 宏重定义 (编译源文件 Classes\main.cpp)
  d:\qt\5.12.3\msvc2017_64\include\qtcore\qmath.h(203): note: 参见“M_SQRT1_2”的前一个定义 (编译源文件 Classes\main.cpp)
d:\bjtu\reconstruction\lib\pcl\pcl 1.8.1\include\pcl-1.8\pcl\point_traits.h : warning C4819: 该文件包含不能在当前代码页(936)中表示的字符。请将该文件保存为 Unicode 格式以防止数据丢失 (编译源文件 Classes\main.cpp)
  Unknown compiler version - please run the configure tests and report the results
d:\bjtu\reconstruction\lib\pcl\pcl 1.8.1\include\pcl-1.8\pcl\point_traits.h : warning C4819: 该文件包含不能在当前代码页(936)中表示的字符。请将该文件保存为 Unicode 格式以防止数据丢失 (编译源文件 Classes\YourThread.cpp)
  Unknown compiler version - please run the configure tests and report the results
c:\program files (x86)\windows kits\10\include\10.0.17763.0\ucrt\corecrt_math_defines.h(17): warning C4005: “M_E”: 宏重定义 (编译源文件 Classes\Reconstruction.cpp)
  d:\qt\5.12.3\msvc2017_64\include\qtcore\qmath.h(155): note: 参见“M_E”的前一个定义 (编译源文件 Classes\Reconstruction.cpp)
c:\program files (x86)\windows kits\10\include\10.0.17763.0\ucrt\corecrt_math_defines.h(18): warning C4005: “M_LOG2E”: 宏重定义 (编译源文件 Classes\Reconstruction.cpp)
  d:\qt\5.12.3\msvc2017_64\include\qtcore\qmath.h(159): note: 参见“M_LOG2E”的前一个定义 (编译源文件 Classes\Reconstruction.cpp)
c:\program files (x86)\windows kits\10\include\10.0.17763.0\ucrt\corecrt_math_defines.h(19): warning C4005: “M_LOG10E”: 宏重定义 (编译源文件 Classes\Reconstruction.cpp)
  d:\qt\5.12.3\msvc2017_64\include\qtcore\qmath.h(163): note: 参见“M_LOG10E”的前一个定义 (编译源文件 Classes\Reconstruction.cpp)
c:\program files (x86)\windows kits\10\include\10.0.17763.0\ucrt\corecrt_math_defines.h(20): warning C4005: “M_LN2”: 宏重定义 (编译源文件 Classes\Reconstruction.cpp)
  d:\qt\5.12.3\msvc2017_64\include\qtcore\qmath.h(167): note: 参见“M_LN2”的前一个定义 (编译源文件 Classes\Reconstruction.cpp)
c:\program files (x86)\windows kits\10\include\10.0.17763.0\ucrt\corecrt_math_defines.h(21): warning C4005: “M_LN10”: 宏重定义 (编译源文件 Classes\Reconstruction.cpp)
  d:\qt\5.12.3\msvc2017_64\include\qtcore\qmath.h(171): note: 参见“M_LN10”的前一个定义 (编译源文件 Classes\Reconstruction.cpp)
c:\program files (x86)\windows kits\10\include\10.0.17763.0\ucrt\corecrt_math_defines.h(22): warning C4005: “M_PI”: 宏重定义 (编译源文件 Classes\Reconstruction.cpp)
  d:\qt\5.12.3\msvc2017_64\include\qtcore\qmath.h(175): note: 参见“M_PI”的前一个定义 (编译源文件 Classes\Reconstruction.cpp)
c:\program files (x86)\windows kits\10\include\10.0.17763.0\ucrt\corecrt_math_defines.h(23): warning C4005: “M_PI_2”: 宏重定义 (编译源文件 Classes\Reconstruction.cpp)
  d:\qt\5.12.3\msvc2017_64\include\qtcore\qmath.h(179): note: 参见“M_PI_2”的前一个定义 (编译源文件 Classes\Reconstruction.cpp)
c:\program files (x86)\windows kits\10\include\10.0.17763.0\ucrt\corecrt_math_defines.h(24): warning C4005: “M_PI_4”: 宏重定义 (编译源文件 Classes\Reconstruction.cpp)
  d:\qt\5.12.3\msvc2017_64\include\qtcore\qmath.h(183): note: 参见“M_PI_4”的前一个定义 (编译源文件 Classes\Reconstruction.cpp)
c:\program files (x86)\windows kits\10\include\10.0.17763.0\ucrt\corecrt_math_defines.h(25): warning C4005: “M_1_PI”: 宏重定义 (编译源文件 Classes\Reconstruction.cpp)
  d:\qt\5.12.3\msvc2017_64\include\qtcore\qmath.h(187): note: 参见“M_1_PI”的前一个定义 (编译源文件 Classes\Reconstruction.cpp)
c:\program files (x86)\windows kits\10\include\10.0.17763.0\ucrt\corecrt_math_defines.h(26): warning C4005: “M_2_PI”: 宏重定义 (编译源文件 Classes\Reconstruction.cpp)
  d:\qt\5.12.3\msvc2017_64\include\qtcore\qmath.h(191): note: 参见“M_2_PI”的前一个定义 (编译源文件 Classes\Reconstruction.cpp)
c:\program files (x86)\windows kits\10\include\10.0.17763.0\ucrt\corecrt_math_defines.h(27): warning C4005: “M_2_SQRTPI”: 宏重定义 (编译源文件 Classes\Reconstruction.cpp)
  d:\qt\5.12.3\msvc2017_64\include\qtcore\qmath.h(195): note: 参见“M_2_SQRTPI”的前一个定义 (编译源文件 Classes\Reconstruction.cpp)
c:\program files (x86)\windows kits\10\include\10.0.17763.0\ucrt\corecrt_math_defines.h(28): warning C4005: “M_SQRT2”: 宏重定义 (编译源文件 Classes\Reconstruction.cpp)
  d:\qt\5.12.3\msvc2017_64\include\qtcore\qmath.h(199): note: 参见“M_SQRT2”的前一个定义 (编译源文件 Classes\Reconstruction.cpp)
c:\program files (x86)\windows kits\10\include\10.0.17763.0\ucrt\corecrt_math_defines.h(29): warning C4005: “M_SQRT1_2”: 宏重定义 (编译源文件 Classes\Reconstruction.cpp)
  d:\qt\5.12.3\msvc2017_64\include\qtcore\qmath.h(203): note: 参见“M_SQRT1_2”的前一个定义 (编译源文件 Classes\Reconstruction.cpp)
d:\bjtu\reconstruction\lib\pcl\pcl 1.8.1\include\pcl-1.8\pcl\point_traits.h : warning C4819: 该文件包含不能在当前代码页(936)中表示的字符。请将该文件保存为 Unicode 格式以防止数据丢失 (编译源文件 Classes\Reconstruction.cpp)
d:\bjtu\reconstruction\lib\pcl\pcl 1.8.1\include\pcl-1.8\pcl\visualization\interactor_style.h : warning C4819: 该文件包含不能在当前代码页(936)中表示的字符。请将该文件保存为 Unicode 格式以防止数据丢失 (编译源文件 Classes\PointCloudData.cpp)
d:\bjtu\reconstruction\lib\pcl\pcl 1.8.1\include\pcl-1.8\pcl\visualization\pcl_visualizer.h(1584): warning C4819: 该文件包含不能在当前代码页(936)中表示的字符。请将该文件保存为 Unicode 格式以防止数据丢失 (编译源文件 Classes\PointCloudData.cpp)
d:\bjtu\reconstruction\lib\pcl\pcl 1.8.1\include\pcl-1.8\pcl\visualization\interactor_style.h : warning C4819: 该文件包含不能在当前代码页(936)中表示的字符。请将该文件保存为 Unicode 格式以防止数据丢失 (编译源文件 Classes\MyThread.cpp)
d:\bjtu\reconstruction\lib\pcl\pcl 1.8.1\include\pcl-1.8\pcl\visualization\pcl_visualizer.h(1584): warning C4819: 该文件包含不能在当前代码页(936)中表示的字符。请将该文件保存为 Unicode 格式以防止数据丢失 (编译源文件 Classes\MyThread.cpp)
d:\bjtu\reconstruction\lib\pcl\pcl 1.8.1\include\pcl-1.8\pcl\visualization\interactor_style.h : warning C4819: 该文件包含不能在当前代码页(936)中表示的字符。请将该文件保存为 Unicode 格式以防止数据丢失 (编译源文件 Classes\Loading.cpp)
d:\bjtu\reconstruction\lib\pcl\pcl 1.8.1\include\pcl-1.8\pcl\visualization\interactor_style.h : warning C4819: 该文件包含不能在当前代码页(936)中表示的字符。请将该文件保存为 Unicode 格式以防止数据丢失 (编译源文件 Classes\main.cpp)
d:\bjtu\reconstruction\lib\pcl\pcl 1.8.1\include\pcl-1.8\pcl\visualization\interactor_style.h : warning C4819: 该文件包含不能在当前代码页(936)中表示的字符。请将该文件保存为 Unicode 格式以防止数据丢失 (编译源文件 Classes\YourThread.cpp)
d:\bjtu\reconstruction\lib\pcl\pcl 1.8.1\include\pcl-1.8\pcl\visualization\interactor_style.h : warning C4819: 该文件包含不能在当前代码页(936)中表示的字符。请将该文件保存为 Unicode 格式以防止数据丢失 (编译源文件 Classes\Reconstruction.cpp)
d:\bjtu\reconstruction\lib\pcl\pcl 1.8.1\include\pcl-1.8\pcl\visualization\pcl_visualizer.h(1584): warning C4819: 该文件包含不能在当前代码页(936)中表示的字符。请将该文件保存为 Unicode 格式以防止数据丢失 (编译源文件 Classes\YourThread.cpp)
d:\bjtu\reconstruction\lib\pcl\pcl 1.8.1\include\pcl-1.8\pcl\visualization\pcl_visualizer.h(1584): warning C4819: 该文件包含不能在当前代码页(936)中表示的字符。请将该文件保存为 Unicode 格式以防止数据丢失 (编译源文件 Classes\Loading.cpp)
d:\bjtu\reconstruction\lib\pcl\pcl 1.8.1\include\pcl-1.8\pcl\visualization\pcl_visualizer.h(1584): warning C4819: 该文件包含不能在当前代码页(936)中表示的字符。请将该文件保存为 Unicode 格式以防止数据丢失 (编译源文件 Classes\main.cpp)
d:\bjtu\reconstruction\lib\pcl\pcl 1.8.1\include\pcl-1.8\pcl\visualization\pcl_visualizer.h(1584): warning C4819: 该文件包含不能在当前代码页(936)中表示的字符。请将该文件保存为 Unicode 格式以防止数据丢失 (编译源文件 Classes\Reconstruction.cpp)
d:\bjtu\reconstruction\lib\flycapture2\include\flycapture2.h : warning C4819: 该文件包含不能在当前代码页(936)中表示的字符。请将该文件保存为 Unicode 格式以防止数据丢失 (编译源文件 Classes\PointCloudData.cpp)
d:\bjtu\reconstruction\lib\flycapture2\include\flycapture2.h : warning C4819: 该文件包含不能在当前代码页(936)中表示的字符。请将该文件保存为 Unicode 格式以防止数据丢失 (编译源文件 Classes\main.cpp)
d:\bjtu\reconstruction\lib\flycapture2\include\flycapture2.h : warning C4819: 该文件包含不能在当前代码页(936)中表示的字符。请将该文件保存为 Unicode 格式以防止数据丢失 (编译源文件 Classes\Loading.cpp)
d:\bjtu\reconstruction\lib\flycapture2\include\flycapture2.h : warning C4819: 该文件包含不能在当前代码页(936)中表示的字符。请将该文件保存为 Unicode 格式以防止数据丢失 (编译源文件 Classes\YourThread.cpp)
d:\bjtu\reconstruction\lib\flycapture2\include\flycapture2.h : warning C4819: 该文件包含不能在当前代码页(936)中表示的字符。请将该文件保存为 Unicode 格式以防止数据丢失 (编译源文件 Classes\Reconstruction.cpp)
d:\bjtu\reconstruction\lib\flycapture2\include\flycapture2.h : warning C4819: 该文件包含不能在当前代码页(936)中表示的字符。请将该文件保存为 Unicode 格式以防止数据丢失 (编译源文件 Classes\MyThread.cpp)
d:\bjtu\reconstruction\lib\flycapture2\include\error.h : warning C4819: 该文件包含不能在当前代码页(936)中表示的字符。请将该文件保存为 Unicode 格式以防止数据丢失 (编译源文件 Classes\Loading.cpp)
d:\bjtu\reconstruction\lib\flycapture2\include\error.h : warning C4819: 该文件包含不能在当前代码页(936)中表示的字符。请将该文件保存为 Unicode 格式以防止数据丢失 (编译源文件 Classes\PointCloudData.cpp)
d:\bjtu\reconstruction\lib\flycapture2\include\error.h : warning C4819: 该文件包含不能在当前代码页(936)中表示的字符。请将该文件保存为 Unicode 格式以防止数据丢失 (编译源文件 Classes\Reconstruction.cpp)
d:\bjtu\reconstruction\lib\flycapture2\include\error.h : warning C4819: 该文件包含不能在当前代码页(936)中表示的字符。请将该文件保存为 Unicode 格式以防止数据丢失 (编译源文件 Classes\YourThread.cpp)
d:\bjtu\reconstruction\lib\flycapture2\include\error.h : warning C4819: 该文件包含不能在当前代码页(936)中表示的字符。请将该文件保存为 Unicode 格式以防止数据丢失 (编译源文件 Classes\main.cpp)
d:\bjtu\reconstruction\lib\flycapture2\include\error.h : warning C4819: 该文件包含不能在当前代码页(936)中表示的字符。请将该文件保存为 Unicode 格式以防止数据丢失 (编译源文件 Classes\MyThread.cpp)
d:\bjtu\reconstruction\lib\flycapture2\include\camerabase.h : warning C4819: 该文件包含不能在当前代码页(936)中表示的字符。请将该文件保存为 Unicode 格式以防止数据丢失 (编译源文件 Classes\Loading.cpp)
d:\bjtu\reconstruction\lib\flycapture2\include\camerabase.h : warning C4819: 该文件包含不能在当前代码页(936)中表示的字符。请将该文件保存为 Unicode 格式以防止数据丢失 (编译源文件 Classes\PointCloudData.cpp)
d:\bjtu\reconstruction\lib\flycapture2\include\camerabase.h : warning C4819: 该文件包含不能在当前代码页(936)中表示的字符。请将该文件保存为 Unicode 格式以防止数据丢失 (编译源文件 Classes\Reconstruction.cpp)
d:\bjtu\reconstruction\lib\flycapture2\include\camerabase.h : warning C4819: 该文件包含不能在当前代码页(936)中表示的字符。请将该文件保存为 Unicode 格式以防止数据丢失 (编译源文件 Classes\YourThread.cpp)
d:\bjtu\reconstruction\lib\flycapture2\include\camerabase.h : warning C4819: 该文件包含不能在当前代码页(936)中表示的字符。请将该文件保存为 Unicode 格式以防止数据丢失 (编译源文件 Classes\main.cpp)
d:\bjtu\reconstruction\lib\flycapture2\include\camerabase.h : warning C4819: 该文件包含不能在当前代码页(936)中表示的字符。请将该文件保存为 Unicode 格式以防止数据丢失 (编译源文件 Classes\MyThread.cpp)
d:\bjtu\reconstruction\lib\flycapture2\include\gigecamera.h : warning C4819: 该文件包含不能在当前代码页(936)中表示的字符。请将该文件保存为 Unicode 格式以防止数据丢失 (编译源文件 Classes\Loading.cpp)
d:\bjtu\reconstruction\lib\flycapture2\include\gigecamera.h : warning C4819: 该文件包含不能在当前代码页(936)中表示的字符。请将该文件保存为 Unicode 格式以防止数据丢失 (编译源文件 Classes\PointCloudData.cpp)
d:\bjtu\reconstruction\lib\flycapture2\include\image.h : warning C4819: 该文件包含不能在当前代码页(936)中表示的字符。请将该文件保存为 Unicode 格式以防止数据丢失 (编译源文件 Classes\Loading.cpp)
d:\bjtu\reconstruction\lib\flycapture2\include\gigecamera.h : warning C4819: 该文件包含不能在当前代码页(936)中表示的字符。请将该文件保存为 Unicode 格式以防止数据丢失 (编译源文件 Classes\Reconstruction.cpp)
d:\bjtu\reconstruction\lib\flycapture2\include\gigecamera.h : warning C4819: 该文件包含不能在当前代码页(936)中表示的字符。请将该文件保存为 Unicode 格式以防止数据丢失 (编译源文件 Classes\YourThread.cpp)
d:\bjtu\reconstruction\lib\flycapture2\include\gigecamera.h : warning C4819: 该文件包含不能在当前代码页(936)中表示的字符。请将该文件保存为 Unicode 格式以防止数据丢失 (编译源文件 Classes\main.cpp)
d:\bjtu\reconstruction\lib\flycapture2\include\image.h : warning C4819: 该文件包含不能在当前代码页(936)中表示的字符。请将该文件保存为 Unicode 格式以防止数据丢失 (编译源文件 Classes\PointCloudData.cpp)
d:\bjtu\reconstruction\lib\flycapture2\include\gigecamera.h : warning C4819: 该文件包含不能在当前代码页(936)中表示的字符。请将该文件保存为 Unicode 格式以防止数据丢失 (编译源文件 Classes\MyThread.cpp)
d:\bjtu\reconstruction\lib\flycapture2\include\utilities.h : warning C4819: 该文件包含不能在当前代码页(936)中表示的字符。请将该文件保存为 Unicode 格式以防止数据丢失 (编译源文件 Classes\Loading.cpp)
d:\bjtu\reconstruction\lib\flycapture2\include\image.h : warning C4819: 该文件包含不能在当前代码页(936)中表示的字符。请将该文件保存为 Unicode 格式以防止数据丢失 (编译源文件 Classes\Reconstruction.cpp)
d:\bjtu\reconstruction\lib\flycapture2\include\image.h : warning C4819: 该文件包含不能在当前代码页(936)中表示的字符。请将该文件保存为 Unicode 格式以防止数据丢失 (编译源文件 Classes\YourThread.cpp)
d:\bjtu\reconstruction\lib\flycapture2\include\utilities.h : warning C4819: 该文件包含不能在当前代码页(936)中表示的字符。请将该文件保存为 Unicode 格式以防止数据丢失 (编译源文件 Classes\PointCloudData.cpp)
d:\bjtu\reconstruction\lib\flycapture2\include\avirecorder.h : warning C4819: 该文件包含不能在当前代码页(936)中表示的字符。请将该文件保存为 Unicode 格式以防止数据丢失 (编译源文件 Classes\Loading.cpp)
d:\bjtu\reconstruction\lib\flycapture2\include\image.h : warning C4819: 该文件包含不能在当前代码页(936)中表示的字符。请将该文件保存为 Unicode 格式以防止数据丢失 (编译源文件 Classes\main.cpp)
d:\bjtu\reconstruction\lib\flycapture2\include\image.h : warning C4819: 该文件包含不能在当前代码页(936)中表示的字符。请将该文件保存为 Unicode 格式以防止数据丢失 (编译源文件 Classes\MyThread.cpp)
d:\bjtu\reconstruction\lib\flycapture2\include\utilities.h : warning C4819: 该文件包含不能在当前代码页(936)中表示的字符。请将该文件保存为 Unicode 格式以防止数据丢失 (编译源文件 Classes\Reconstruction.cpp)
d:\bjtu\reconstruction\lib\flycapture2\include\topologynode.h : warning C4819: 该文件包含不能在当前代码页(936)中表示的字符。请将该文件保存为 Unicode 格式以防止数据丢失 (编译源文件 Classes\Loading.cpp)
d:\bjtu\reconstruction\lib\flycapture2\include\avirecorder.h : warning C4819: 该文件包含不能在当前代码页(936)中表示的字符。请将该文件保存为 Unicode 格式以防止数据丢失 (编译源文件 Classes\PointCloudData.cpp)
d:\bjtu\reconstruction\lib\flycapture2\include\utilities.h : warning C4819: 该文件包含不能在当前代码页(936)中表示的字符。请将该文件保存为 Unicode 格式以防止数据丢失 (编译源文件 Classes\YourThread.cpp)
d:\bjtu\reconstruction\lib\flycapture2\include\utilities.h : warning C4819: 该文件包含不能在当前代码页(936)中表示的字符。请将该文件保存为 Unicode 格式以防止数据丢失 (编译源文件 Classes\main.cpp)
d:\bjtu\reconstruction\lib\flycapture2\include\avirecorder.h : warning C4819: 该文件包含不能在当前代码页(936)中表示的字符。请将该文件保存为 Unicode 格式以防止数据丢失 (编译源文件 Classes\Reconstruction.cpp)
d:\bjtu\reconstruction\lib\flycapture2\include\utilities.h : warning C4819: 该文件包含不能在当前代码页(936)中表示的字符。请将该文件保存为 Unicode 格式以防止数据丢失 (编译源文件 Classes\MyThread.cpp)
d:\bjtu\reconstruction\lib\flycapture2\include\imagestatistics.h : warning C4819: 该文件包含不能在当前代码页(936)中表示的字符。请将该文件保存为 Unicode 格式以防止数据丢失 (编译源文件 Classes\Loading.cpp)
d:\bjtu\reconstruction\lib\flycapture2\include\topologynode.h : warning C4819: 该文件包含不能在当前代码页(936)中表示的字符。请将该文件保存为 Unicode 格式以防止数据丢失 (编译源文件 Classes\PointCloudData.cpp)
d:\bjtu\reconstruction\lib\flycapture2\include\avirecorder.h : warning C4819: 该文件包含不能在当前代码页(936)中表示的字符。请将该文件保存为 Unicode 格式以防止数据丢失 (编译源文件 Classes\YourThread.cpp)
d:\bjtu\reconstruction\lib\flycapture2\include\topologynode.h : warning C4819: 该文件包含不能在当前代码页(936)中表示的字符。请将该文件保存为 Unicode 格式以防止数据丢失 (编译源文件 Classes\Reconstruction.cpp)
d:\bjtu\reconstruction\lib\flycapture2\include\avirecorder.h : warning C4819: 该文件包含不能在当前代码页(936)中表示的字符。请将该文件保存为 Unicode 格式以防止数据丢失 (编译源文件 Classes\main.cpp)
d:\bjtu\reconstruction\lib\flycapture2\include\avirecorder.h : warning C4819: 该文件包含不能在当前代码页(936)中表示的字符。请将该文件保存为 Unicode 格式以防止数据丢失 (编译源文件 Classes\MyThread.cpp)
d:\bjtu\reconstruction\lib\flycapture2\include\imagestatistics.h : warning C4819: 该文件包含不能在当前代码页(936)中表示的字符。请将该文件保存为 Unicode 格式以防止数据丢失 (编译源文件 Classes\PointCloudData.cpp)
d:\bjtu\reconstruction\lib\flycapture2\include\topologynode.h : warning C4819: 该文件包含不能在当前代码页(936)中表示的字符。请将该文件保存为 Unicode 格式以防止数据丢失 (编译源文件 Classes\YourThread.cpp)
d:\bjtu\reconstruction\lib\flycapture2\include\imagestatistics.h : warning C4819: 该文件包含不能在当前代码页(936)中表示的字符。请将该文件保存为 Unicode 格式以防止数据丢失 (编译源文件 Classes\Reconstruction.cpp)
d:\bjtu\reconstruction\lib\flycapture2\include\topologynode.h : warning C4819: 该文件包含不能在当前代码页(936)中表示的字符。请将该文件保存为 Unicode 格式以防止数据丢失 (编译源文件 Classes\main.cpp)
d:\bjtu\reconstruction\lib\flycapture2\include\topologynode.h : warning C4819: 该文件包含不能在当前代码页(936)中表示的字符。请将该文件保存为 Unicode 格式以防止数据丢失 (编译源文件 Classes\MyThread.cpp)
d:\bjtu\reconstruction\lib\flycapture2\include\imagestatistics.h : warning C4819: 该文件包含不能在当前代码页(936)中表示的字符。请将该文件保存为 Unicode 格式以防止数据丢失 (编译源文件 Classes\YourThread.cpp)
d:\bjtu\reconstruction\lib\flycapture2\include\imagestatistics.h : warning C4819: 该文件包含不能在当前代码页(936)中表示的字符。请将该文件保存为 Unicode 格式以防止数据丢失 (编译源文件 Classes\main.cpp)
d:\bjtu\reconstruction\lib\flycapture2\include\imagestatistics.h : warning C4819: 该文件包含不能在当前代码页(936)中表示的字符。请将该文件保存为 Unicode 格式以防止数据丢失 (编译源文件 Classes\MyThread.cpp)
d:\bjtu\reconstruction\classes\reconstruction.cpp(15): warning C4806: “==”: 不安全操作: 从类型“bool”提升到类型“int”的值不能等于给定的常量
  hid.Win.c
  qrc_Reconstruction.cpp
  moc_Reconstruction.cpp
  moc_AboutDialog.cpp
  moc_Loading.cpp
  moc_DisplayPic.cpp
  moc_Help.cpp
  Unknown compiler version - please run the configure tests and report the results
  Unknown compiler version - please run the configure tests and report the results
c:\program files (x86)\windows kits\10\include\10.0.17763.0\ucrt\corecrt_math_defines.h(17): warning C4005: “M_E”: 宏重定义 (编译源文件 x64\Debug\moc\moc_Reconstruction.cpp)
  d:\qt\5.12.3\msvc2017_64\include\qtcore\qmath.h(155): note: 参见“M_E”的前一个定义 (编译源文件 x64\Debug\moc\moc_Reconstruction.cpp)
c:\program files (x86)\windows kits\10\include\10.0.17763.0\ucrt\corecrt_math_defines.h(17): warning C4005: “M_E”: 宏重定义 (编译源文件 x64\Debug\moc\moc_Loading.cpp)
  d:\qt\5.12.3\msvc2017_64\include\qtcore\qmath.h(155): note: 参见“M_E”的前一个定义 (编译源文件 x64\Debug\moc\moc_Loading.cpp)
c:\program files (x86)\windows kits\10\include\10.0.17763.0\ucrt\corecrt_math_defines.h(18): warning C4005: “M_LOG2E”: 宏重定义 (编译源文件 x64\Debug\moc\moc_Reconstruction.cpp)
  d:\qt\5.12.3\msvc2017_64\include\qtcore\qmath.h(159): note: 参见“M_LOG2E”的前一个定义 (编译源文件 x64\Debug\moc\moc_Reconstruction.cpp)
c:\program files (x86)\windows kits\10\include\10.0.17763.0\ucrt\corecrt_math_defines.h(18): warning C4005: “M_LOG2E”: 宏重定义 (编译源文件 x64\Debug\moc\moc_Loading.cpp)
  d:\qt\5.12.3\msvc2017_64\include\qtcore\qmath.h(159): note: 参见“M_LOG2E”的前一个定义 (编译源文件 x64\Debug\moc\moc_Loading.cpp)
c:\program files (x86)\windows kits\10\include\10.0.17763.0\ucrt\corecrt_math_defines.h(19): warning C4005: “M_LOG10E”: 宏重定义 (编译源文件 x64\Debug\moc\moc_Reconstruction.cpp)
  d:\qt\5.12.3\msvc2017_64\include\qtcore\qmath.h(163): note: 参见“M_LOG10E”的前一个定义 (编译源文件 x64\Debug\moc\moc_Reconstruction.cpp)
c:\program files (x86)\windows kits\10\include\10.0.17763.0\ucrt\corecrt_math_defines.h(19): warning C4005: “M_LOG10E”: 宏重定义 (编译源文件 x64\Debug\moc\moc_Loading.cpp)
  d:\qt\5.12.3\msvc2017_64\include\qtcore\qmath.h(163): note: 参见“M_LOG10E”的前一个定义 (编译源文件 x64\Debug\moc\moc_Loading.cpp)
c:\program files (x86)\windows kits\10\include\10.0.17763.0\ucrt\corecrt_math_defines.h(20): warning C4005: “M_LN2”: 宏重定义 (编译源文件 x64\Debug\moc\moc_Reconstruction.cpp)
  d:\qt\5.12.3\msvc2017_64\include\qtcore\qmath.h(167): note: 参见“M_LN2”的前一个定义 (编译源文件 x64\Debug\moc\moc_Reconstruction.cpp)
c:\program files (x86)\windows kits\10\include\10.0.17763.0\ucrt\corecrt_math_defines.h(20): warning C4005: “M_LN2”: 宏重定义 (编译源文件 x64\Debug\moc\moc_Loading.cpp)
  d:\qt\5.12.3\msvc2017_64\include\qtcore\qmath.h(167): note: 参见“M_LN2”的前一个定义 (编译源文件 x64\Debug\moc\moc_Loading.cpp)
c:\program files (x86)\windows kits\10\include\10.0.17763.0\ucrt\corecrt_math_defines.h(21): warning C4005: “M_LN10”: 宏重定义 (编译源文件 x64\Debug\moc\moc_Reconstruction.cpp)
  d:\qt\5.12.3\msvc2017_64\include\qtcore\qmath.h(171): note: 参见“M_LN10”的前一个定义 (编译源文件 x64\Debug\moc\moc_Reconstruction.cpp)
c:\program files (x86)\windows kits\10\include\10.0.17763.0\ucrt\corecrt_math_defines.h(21): warning C4005: “M_LN10”: 宏重定义 (编译源文件 x64\Debug\moc\moc_Loading.cpp)
  d:\qt\5.12.3\msvc2017_64\include\qtcore\qmath.h(171): note: 参见“M_LN10”的前一个定义 (编译源文件 x64\Debug\moc\moc_Loading.cpp)
c:\program files (x86)\windows kits\10\include\10.0.17763.0\ucrt\corecrt_math_defines.h(22): warning C4005: “M_PI”: 宏重定义 (编译源文件 x64\Debug\moc\moc_Reconstruction.cpp)
  d:\qt\5.12.3\msvc2017_64\include\qtcore\qmath.h(175): note: 参见“M_PI”的前一个定义 (编译源文件 x64\Debug\moc\moc_Reconstruction.cpp)
c:\program files (x86)\windows kits\10\include\10.0.17763.0\ucrt\corecrt_math_defines.h(22): warning C4005: “M_PI”: 宏重定义 (编译源文件 x64\Debug\moc\moc_Loading.cpp)
  d:\qt\5.12.3\msvc2017_64\include\qtcore\qmath.h(175): note: 参见“M_PI”的前一个定义 (编译源文件 x64\Debug\moc\moc_Loading.cpp)
c:\program files (x86)\windows kits\10\include\10.0.17763.0\ucrt\corecrt_math_defines.h(23): warning C4005: “M_PI_2”: 宏重定义 (编译源文件 x64\Debug\moc\moc_Reconstruction.cpp)
  d:\qt\5.12.3\msvc2017_64\include\qtcore\qmath.h(179): note: 参见“M_PI_2”的前一个定义 (编译源文件 x64\Debug\moc\moc_Reconstruction.cpp)
c:\program files (x86)\windows kits\10\include\10.0.17763.0\ucrt\corecrt_math_defines.h(23): warning C4005: “M_PI_2”: 宏重定义 (编译源文件 x64\Debug\moc\moc_Loading.cpp)
  d:\qt\5.12.3\msvc2017_64\include\qtcore\qmath.h(179): note: 参见“M_PI_2”的前一个定义 (编译源文件 x64\Debug\moc\moc_Loading.cpp)
c:\program files (x86)\windows kits\10\include\10.0.17763.0\ucrt\corecrt_math_defines.h(24): warning C4005: “M_PI_4”: 宏重定义 (编译源文件 x64\Debug\moc\moc_Reconstruction.cpp)
  d:\qt\5.12.3\msvc2017_64\include\qtcore\qmath.h(183): note: 参见“M_PI_4”的前一个定义 (编译源文件 x64\Debug\moc\moc_Reconstruction.cpp)
c:\program files (x86)\windows kits\10\include\10.0.17763.0\ucrt\corecrt_math_defines.h(24): warning C4005: “M_PI_4”: 宏重定义 (编译源文件 x64\Debug\moc\moc_Loading.cpp)
  d:\qt\5.12.3\msvc2017_64\include\qtcore\qmath.h(183): note: 参见“M_PI_4”的前一个定义 (编译源文件 x64\Debug\moc\moc_Loading.cpp)
c:\program files (x86)\windows kits\10\include\10.0.17763.0\ucrt\corecrt_math_defines.h(25): warning C4005: “M_1_PI”: 宏重定义 (编译源文件 x64\Debug\moc\moc_Reconstruction.cpp)
  d:\qt\5.12.3\msvc2017_64\include\qtcore\qmath.h(187): note: 参见“M_1_PI”的前一个定义 (编译源文件 x64\Debug\moc\moc_Reconstruction.cpp)
c:\program files (x86)\windows kits\10\include\10.0.17763.0\ucrt\corecrt_math_defines.h(25): warning C4005: “M_1_PI”: 宏重定义 (编译源文件 x64\Debug\moc\moc_Loading.cpp)
  d:\qt\5.12.3\msvc2017_64\include\qtcore\qmath.h(187): note: 参见“M_1_PI”的前一个定义 (编译源文件 x64\Debug\moc\moc_Loading.cpp)
c:\program files (x86)\windows kits\10\include\10.0.17763.0\ucrt\corecrt_math_defines.h(26): warning C4005: “M_2_PI”: 宏重定义 (编译源文件 x64\Debug\moc\moc_Reconstruction.cpp)
  d:\qt\5.12.3\msvc2017_64\include\qtcore\qmath.h(191): note: 参见“M_2_PI”的前一个定义 (编译源文件 x64\Debug\moc\moc_Reconstruction.cpp)
c:\program files (x86)\windows kits\10\include\10.0.17763.0\ucrt\corecrt_math_defines.h(26): warning C4005: “M_2_PI”: 宏重定义 (编译源文件 x64\Debug\moc\moc_Loading.cpp)
  d:\qt\5.12.3\msvc2017_64\include\qtcore\qmath.h(191): note: 参见“M_2_PI”的前一个定义 (编译源文件 x64\Debug\moc\moc_Loading.cpp)
c:\program files (x86)\windows kits\10\include\10.0.17763.0\ucrt\corecrt_math_defines.h(27): warning C4005: “M_2_SQRTPI”: 宏重定义 (编译源文件 x64\Debug\moc\moc_Reconstruction.cpp)
  d:\qt\5.12.3\msvc2017_64\include\qtcore\qmath.h(195): note: 参见“M_2_SQRTPI”的前一个定义 (编译源文件 x64\Debug\moc\moc_Reconstruction.cpp)
c:\program files (x86)\windows kits\10\include\10.0.17763.0\ucrt\corecrt_math_defines.h(27): warning C4005: “M_2_SQRTPI”: 宏重定义 (编译源文件 x64\Debug\moc\moc_Loading.cpp)
  d:\qt\5.12.3\msvc2017_64\include\qtcore\qmath.h(195): note: 参见“M_2_SQRTPI”的前一个定义 (编译源文件 x64\Debug\moc\moc_Loading.cpp)
c:\program files (x86)\windows kits\10\include\10.0.17763.0\ucrt\corecrt_math_defines.h(28): warning C4005: “M_SQRT2”: 宏重定义 (编译源文件 x64\Debug\moc\moc_Reconstruction.cpp)
  d:\qt\5.12.3\msvc2017_64\include\qtcore\qmath.h(199): note: 参见“M_SQRT2”的前一个定义 (编译源文件 x64\Debug\moc\moc_Reconstruction.cpp)
c:\program files (x86)\windows kits\10\include\10.0.17763.0\ucrt\corecrt_math_defines.h(28): warning C4005: “M_SQRT2”: 宏重定义 (编译源文件 x64\Debug\moc\moc_Loading.cpp)
  d:\qt\5.12.3\msvc2017_64\include\qtcore\qmath.h(199): note: 参见“M_SQRT2”的前一个定义 (编译源文件 x64\Debug\moc\moc_Loading.cpp)
c:\program files (x86)\windows kits\10\include\10.0.17763.0\ucrt\corecrt_math_defines.h(29): warning C4005: “M_SQRT1_2”: 宏重定义 (编译源文件 x64\Debug\moc\moc_Reconstruction.cpp)
  d:\qt\5.12.3\msvc2017_64\include\qtcore\qmath.h(203): note: 参见“M_SQRT1_2”的前一个定义 (编译源文件 x64\Debug\moc\moc_Reconstruction.cpp)
c:\program files (x86)\windows kits\10\include\10.0.17763.0\ucrt\corecrt_math_defines.h(29): warning C4005: “M_SQRT1_2”: 宏重定义 (编译源文件 x64\Debug\moc\moc_Loading.cpp)
  d:\qt\5.12.3\msvc2017_64\include\qtcore\qmath.h(203): note: 参见“M_SQRT1_2”的前一个定义 (编译源文件 x64\Debug\moc\moc_Loading.cpp)
d:\bjtu\reconstruction\lib\pcl\pcl 1.8.1\include\pcl-1.8\pcl\point_traits.h : warning C4819: 该文件包含不能在当前代码页(936)中表示的字符。请将该文件保存为 Unicode 格式以防止数据丢失 (编译源文件 x64\Debug\moc\moc_Reconstruction.cpp)
d:\bjtu\reconstruction\lib\pcl\pcl 1.8.1\include\pcl-1.8\pcl\point_traits.h : warning C4819: 该文件包含不能在当前代码页(936)中表示的字符。请将该文件保存为 Unicode 格式以防止数据丢失 (编译源文件 x64\Debug\moc\moc_Loading.cpp)
d:\bjtu\reconstruction\lib\pcl\pcl 1.8.1\include\pcl-1.8\pcl\visualization\interactor_style.h : warning C4819: 该文件包含不能在当前代码页(936)中表示的字符。请将该文件保存为 Unicode 格式以防止数据丢失 (编译源文件 x64\Debug\moc\moc_Reconstruction.cpp)
d:\bjtu\reconstruction\lib\pcl\pcl 1.8.1\include\pcl-1.8\pcl\visualization\interactor_style.h : warning C4819: 该文件包含不能在当前代码页(936)中表示的字符。请将该文件保存为 Unicode 格式以防止数据丢失 (编译源文件 x64\Debug\moc\moc_Loading.cpp)
d:\bjtu\reconstruction\lib\pcl\pcl 1.8.1\include\pcl-1.8\pcl\visualization\pcl_visualizer.h(1584): warning C4819: 该文件包含不能在当前代码页(936)中表示的字符。请将该文件保存为 Unicode 格式以防止数据丢失 (编译源文件 x64\Debug\moc\moc_Reconstruction.cpp)
d:\bjtu\reconstruction\lib\pcl\pcl 1.8.1\include\pcl-1.8\pcl\visualization\pcl_visualizer.h(1584): warning C4819: 该文件包含不能在当前代码页(936)中表示的字符。请将该文件保存为 Unicode 格式以防止数据丢失 (编译源文件 x64\Debug\moc\moc_Loading.cpp)
d:\bjtu\reconstruction\lib\flycapture2\include\flycapture2.h : warning C4819: 该文件包含不能在当前代码页(936)中表示的字符。请将该文件保存为 Unicode 格式以防止数据丢失 (编译源文件 x64\Debug\moc\moc_Reconstruction.cpp)
d:\bjtu\reconstruction\lib\flycapture2\include\flycapture2.h : warning C4819: 该文件包含不能在当前代码页(936)中表示的字符。请将该文件保存为 Unicode 格式以防止数据丢失 (编译源文件 x64\Debug\moc\moc_Loading.cpp)
d:\bjtu\reconstruction\lib\flycapture2\include\error.h : warning C4819: 该文件包含不能在当前代码页(936)中表示的字符。请将该文件保存为 Unicode 格式以防止数据丢失 (编译源文件 x64\Debug\moc\moc_Reconstruction.cpp)
d:\bjtu\reconstruction\lib\flycapture2\include\error.h : warning C4819: 该文件包含不能在当前代码页(936)中表示的字符。请将该文件保存为 Unicode 格式以防止数据丢失 (编译源文件 x64\Debug\moc\moc_Loading.cpp)
d:\bjtu\reconstruction\lib\flycapture2\include\camerabase.h : warning C4819: 该文件包含不能在当前代码页(936)中表示的字符。请将该文件保存为 Unicode 格式以防止数据丢失 (编译源文件 x64\Debug\moc\moc_Reconstruction.cpp)
d:\bjtu\reconstruction\lib\flycapture2\include\camerabase.h : warning C4819: 该文件包含不能在当前代码页(936)中表示的字符。请将该文件保存为 Unicode 格式以防止数据丢失 (编译源文件 x64\Debug\moc\moc_Loading.cpp)
d:\bjtu\reconstruction\lib\flycapture2\include\gigecamera.h : warning C4819: 该文件包含不能在当前代码页(936)中表示的字符。请将该文件保存为 Unicode 格式以防止数据丢失 (编译源文件 x64\Debug\moc\moc_Reconstruction.cpp)
d:\bjtu\reconstruction\lib\flycapture2\include\gigecamera.h : warning C4819: 该文件包含不能在当前代码页(936)中表示的字符。请将该文件保存为 Unicode 格式以防止数据丢失 (编译源文件 x64\Debug\moc\moc_Loading.cpp)
d:\bjtu\reconstruction\lib\flycapture2\include\image.h : warning C4819: 该文件包含不能在当前代码页(936)中表示的字符。请将该文件保存为 Unicode 格式以防止数据丢失 (编译源文件 x64\Debug\moc\moc_Reconstruction.cpp)
d:\bjtu\reconstruction\lib\flycapture2\include\image.h : warning C4819: 该文件包含不能在当前代码页(936)中表示的字符。请将该文件保存为 Unicode 格式以防止数据丢失 (编译源文件 x64\Debug\moc\moc_Loading.cpp)
d:\bjtu\reconstruction\lib\flycapture2\include\utilities.h : warning C4819: 该文件包含不能在当前代码页(936)中表示的字符。请将该文件保存为 Unicode 格式以防止数据丢失 (编译源文件 x64\Debug\moc\moc_Reconstruction.cpp)
d:\bjtu\reconstruction\lib\flycapture2\include\utilities.h : warning C4819: 该文件包含不能在当前代码页(936)中表示的字符。请将该文件保存为 Unicode 格式以防止数据丢失 (编译源文件 x64\Debug\moc\moc_Loading.cpp)
d:\bjtu\reconstruction\lib\flycapture2\include\avirecorder.h : warning C4819: 该文件包含不能在当前代码页(936)中表示的字符。请将该文件保存为 Unicode 格式以防止数据丢失 (编译源文件 x64\Debug\moc\moc_Reconstruction.cpp)
d:\bjtu\reconstruction\lib\flycapture2\include\avirecorder.h : warning C4819: 该文件包含不能在当前代码页(936)中表示的字符。请将该文件保存为 Unicode 格式以防止数据丢失 (编译源文件 x64\Debug\moc\moc_Loading.cpp)
d:\bjtu\reconstruction\lib\flycapture2\include\topologynode.h : warning C4819: 该文件包含不能在当前代码页(936)中表示的字符。请将该文件保存为 Unicode 格式以防止数据丢失 (编译源文件 x64\Debug\moc\moc_Loading.cpp)
d:\bjtu\reconstruction\lib\flycapture2\include\topologynode.h : warning C4819: 该文件包含不能在当前代码页(936)中表示的字符。请将该文件保存为 Unicode 格式以防止数据丢失 (编译源文件 x64\Debug\moc\moc_Reconstruction.cpp)
d:\bjtu\reconstruction\lib\flycapture2\include\imagestatistics.h : warning C4819: 该文件包含不能在当前代码页(936)中表示的字符。请将该文件保存为 Unicode 格式以防止数据丢失 (编译源文件 x64\Debug\moc\moc_Reconstruction.cpp)
d:\bjtu\reconstruction\lib\flycapture2\include\imagestatistics.h : warning C4819: 该文件包含不能在当前代码页(936)中表示的字符。请将该文件保存为 Unicode 格式以防止数据丢失 (编译源文件 x64\Debug\moc\moc_Loading.cpp)
    正在创建库 D:\BJTU\Reconstruction\x64\Debug\Reconstruction.lib 和对象 D:\BJTU\Reconstruction\x64\Debug\Reconstruction.exp
  Reconstruction.vcxproj -> D:\BJTU\Reconstruction\x64\Debug\Reconstruction.exe
